[2024-10-26T20:55:10.834Z] POST /api/v1/hamiltonian-cycle
 undefined PostmanRuntime/7.42.0
[2024-10-26T20:55:27.630Z] POST /api/v1/hamiltonian-cycle
 undefined PostmanRuntime/7.42.0
[2024-10-26T20:55:56.020Z] POST /api/v1/hamiltonian-cycle
 undefined PostmanRuntime/7.42.0
[2024-10-26T20:56:03.890Z] POST /api/v1/hamiltonian-cycle
 undefined PostmanRuntime/7.42.0
[2024-10-26T20:56:13.145Z] POST /api/v1/hamiltonian-cycle
 undefined PostmanRuntime/7.42.0
[2024-10-26T20:56:41.527Z] POST /api/v1/hamiltonian-cycle
 undefined PostmanRuntime/7.42.0
[2024-10-26T20:56:49.060Z] POST /api/v1/hamiltonian-cycle
 undefined PostmanRuntime/7.42.0
[2024-10-26T20:57:04.773Z] POST /api/v1/hamiltonian-cycle
 {"graph":[[0,1,0,1,1,1],[1,0,1,0,0,1],[0,1,0,0,0,1],[1,0,0,0,1,1],[1,0,0,1,0,0],[1,1,1,1,1,0]],"startNode":1} PostmanRuntime/7.42.0
[2024-10-26T20:57:29.221Z] GET /api/v1/hamiltonian-cycle
 {"graph":[[0,1,0,1,1,1],[1,0,1,0,0,1],[0,1,0,0,0,1],[1,0,0,0,1,1],[1,0,0,1,0,0],[1,1,1,1,1,0]],"startNode":1} PostmanRuntime/7.42.0
[2024-10-26T20:58:16.217Z] GET /api/v1/hamiltonian-cycle
 {"graph":[[0,1,0,1,1,1],[1,0,1,0,0,1],[0,1,0,0,0,1],[1,0,0,0,1,1],[1,0,0,1,0,0],[1,1,1,1,1,0]],"startNode":1} PostmanRuntime/7.42.0
[2024-10-26T20:58:29.236Z] GET /api/v1/hamiltonian-cycle
 {"graph":[[0,1,0,1,1,1],[1,0,1,0,0,1],[0,1,0,0,0,1],[1,0,0,0,1,1],[1,0,0,1,0,0],[1,1,1,1,1,0]],"startNode":1} PostmanRuntime/7.42.0
[2024-10-26T20:58:35.673Z] POST /api/v1/hamiltonian-cycle
 {"graph":[[0,1,0,1,1],[1,0,1,0,0,1],[0,1,0,0,0,1],[1,0,0,0,1,1],[1,0,0,1,0,0],[1,1,1,1,1,0]],"startNode":1} PostmanRuntime/7.42.0
[2024-10-26T20:58:45.285Z] POST /api/v1/hamiltonian-cycle
 {"graph":[[0,1,0,1,1,1],[1,0,1,0,0,1],[0,1,0,0,0,1],[1,0,0,0,1,1],[1,0,0,1,0,0],[1,1,1,1,1,0]],"startNode":1} PostmanRuntime/7.42.0
